#
# A fatal error has been detected by the Java Runtime Environment:
#
#  EXCEPTION_ACCESS_VIOLATION (0xc0000005) at pc=0x000000020000000b, pid=6944, tid=9340
#
# JRE version: Java(TM) SE Runtime Environment (8.0_66-b17) (build 1.8.0_66-b17)
# Java VM: Java HotSpot(TM) 64-Bit Server VM (25.66-b17 mixed mode windows-amd64 compressed oops)
# Problematic frame:
# C  0x000000020000000b
#
# Failed to write core dump. Minidumps are not enabled by default on client versions of Windows
#
# If you would like to submit a bug report, please visit:
#   http://bugreport.java.com/bugreport/crash.jsp
#

---------------  T H R E A D  ---------------

Current thread (0x0000000016527800):  VMThread [stack: 0x00000000175b0000,0x00000000176b0000] [id=9340]

siginfo: ExceptionCode=0xc0000005, ExceptionInformation=0x0000000000000008 0x000000020000000b

Registers:
RAX=0x00000001009adf10, RBX=0x00000000ead6dac8, RCX=0x00000001009ae1b8, RDX=0x0000000016525700
RSP=0x00000000176aec88, RBP=0x0000000000135be2, RSI=0x0000000016525700, RDI=0x00000000fe876e10
R8 =0x00000000fe876e10, R9 =0x00000001009ae1b8, R10=0x0000000000000000, R11=0x00000000fe876e10
R12=0x0000000016527040, R13=0x0000000000000005, R14=0x0000000000000000, R15=0x000000001d148770
RIP=0x000000020000000b, EFLAGS=0x0000000000010203

Top of Stack: (sp=0x00000000176aec88)
0x00000000176aec88:   000000005da8ae51 000000000000000d
0x00000000176aec98:   0000000000135be2 0000000016525700
0x00000000176aeca8:   0000000000000000 00000000fe86ee10
0x00000000176aecb8:   000000005da8b31b 00000000176aed10
0x00000000176aecc8:   0000000000000000 0000000000000000
0x00000000176aecd8:   000000001d147e01 0000000016527040
0x00000000176aece8:   000000005da8af40 00000000fe84f4dc
0x00000000176aecf8:   00000000000083b0 0000000016525700
0x00000000176aed08:   00000000fe394198 00000000fe84f4dc
0x00000000176aed18:   000000005da8b915 00000000eadbbb08
0x00000000176aed28:   00000000000083b0 0000000016525700
0x00000000176aed38:   000000005da8ae51 00000000ecf742a8
0x00000000176aed48:   0000000000000007 0000000016525700
0x00000000176aed58:   0000011400000000 00000000fe63ee10
0x00000000176aed68:   0000000000001000 0000000000000000
0x00000000176aed78:   0000000000000000 0000000000000000 

Instructions: (pc=0x000000020000000b)
0x00000001ffffffeb:   
[error occurred during error reporting (printing registers, top of stack, instructions near pc), id 0xc0000005]

Register to memory mapping:

RAX=0x00000001009adf10 is pointing into metadata
RBX=0x00000000ead6dac8 is an oop

[error occurred during error reporting (printing register info), id 0xc0000005]

Stack: [0x00000000175b0000,0x00000000176b0000],  sp=0x00000000176aec88,  free space=1019k
Native frames: (J=compiled Java code, j=interpreted, Vv=VM code, C=native code)
C  0x000000020000000b

VM_Operation (0x000000006102d080): ParallelGCFailedAllocation, mode: safepoint, requested by thread 0x0000000020f0e000


---------------  P R O C E S S  ---------------

Java Threads: ( => current thread )
  0x0000000020f1b000 JavaThread "ForkJoinPool.commonPool-worker-0" daemon [_thread_blocked, id=11084, stack(0x0000000061630000,0x0000000061730000)]
  0x0000000020f18000 JavaThread "ForkJoinPool.commonPool-worker-3" daemon [_thread_blocked, id=14728, stack(0x0000000061530000,0x0000000061630000)]
  0x0000000020f17000 JavaThread "ForkJoinPool.commonPool-worker-2" daemon [_thread_blocked, id=1564, stack(0x0000000061430000,0x0000000061530000)]
  0x0000000020f0f800 JavaThread "Cache worker for Java compile cache (C:\xampp\htdocs\Connectized\ASASafety\.gradle\5.1.1\javaCompile)" [_thread_blocked, id=6328, stack(0x0000000061330000,0x0000000061430000)]
  0x0000000020f0f000 JavaThread "Cache worker for execution history cache (C:\xampp\htdocs\Connectized\ASASafety\.gradle\5.1.1\executionHistory)" [_thread_blocked, id=6508, stack(0x0000000061230000,0x0000000061330000)]
  0x0000000020f15800 JavaThread "Execution worker for ':' Thread 3" [_thread_blocked, id=8020, stack(0x0000000061130000,0x0000000061230000)]
  0x0000000020f0d800 JavaThread "Execution worker for ':' Thread 2" [_thread_blocked, id=5600, stack(0x0000000061030000,0x0000000061130000)]
  0x0000000020f0e000 JavaThread "Execution worker for ':'" [_thread_blocked, id=6152, stack(0x0000000060f30000,0x0000000061030000)]
  0x0000000020f12000 JavaThread "Cache worker for file content cache (C:\xampp\htdocs\Connectized\ASASafety\.gradle\5.1.1\fileContent)" [_thread_blocked, id=12964, stack(0x0000000060e30000,0x0000000060f30000)]
  0x0000000020f12800 JavaThread "Cache worker for Build Output Cleanup Cache (C:\xampp\htdocs\Connectized\ASASafety\.gradle\buildOutputCleanup)" [_thread_blocked, id=2868, stack(0x0000000060d30000,0x0000000060e30000)]
  0x0000000020f14000 JavaThread "Build operations Thread 4" [_thread_blocked, id=9320, stack(0x0000000060c30000,0x0000000060d30000)]
  0x0000000020f13800 JavaThread "Build operations Thread 3" [_thread_blocked, id=3120, stack(0x0000000060b30000,0x0000000060c30000)]
  0x0000000020f0c800 JavaThread "Build operations Thread 2" [_thread_blocked, id=13444, stack(0x0000000060a30000,0x0000000060b30000)]
  0x000000001ea61000 JavaThread "Build operations" [_thread_blocked, id=7792, stack(0x0000000060930000,0x0000000060a30000)]
  0x000000001ea5f800 JavaThread "Cache worker for cache directory md-rule (C:\Users\garyc\.gradle\caches\5.1.1\md-rule)" [_thread_blocked, id=5464, stack(0x0000000060830000,0x0000000060930000)]
  0x000000001ea5f000 JavaThread "Cache worker for cache directory md-supplier (C:\Users\garyc\.gradle\caches\5.1.1\md-supplier)" [_thread_blocked, id=8492, stack(0x0000000060730000,0x0000000060830000)]
  0x000000001ea62800 JavaThread "Cache worker for file hash cache (C:\xampp\htdocs\Connectized\ASASafety\.gradle\5.1.1\fileHashes)" [_thread_blocked, id=11236, stack(0x0000000060630000,0x0000000060730000)]
  0x000000001ea65800 JavaThread "Thread-638" [_thread_blocked, id=10236, stack(0x0000000060530000,0x0000000060630000)]
  0x000000001ea57800 JavaThread "Stdin handler" [_thread_blocked, id=2428, stack(0x0000000060430000,0x0000000060530000)]
  0x000000001ea58000 JavaThread "Asynchronous log dispatcher for DefaultDaemonConnection: socket connection from /127.0.0.1:50380 to /127.0.0.1:53374" [_thread_blocked, id=15528, stack(0x0000000060330000,0x0000000060430000)]
  0x000000001ea5c000 JavaThread "Daemon worker Thread 26" [_thread_blocked, id=14988, stack(0x0000000060230000,0x0000000060330000)]
  0x000000001ea5b000 JavaThread "Cancel handler" [_thread_blocked, id=5160, stack(0x0000000060130000,0x0000000060230000)]
  0x000000001ea5d800 JavaThread "Handler for socket connection from /127.0.0.1:50380 to /127.0.0.1:53374" [_thread_in_native, id=3308, stack(0x0000000060030000,0x0000000060130000)]
  0x000000001ea5a800 JavaThread "Daemon Thread 26" [_thread_blocked, id=5880, stack(0x000000005ff30000,0x0000000060030000)]
  0x000000001d04e800 JavaThread "Cache worker for Java compile cache (C:\Users\garyc\.gradle\caches\5.1.1\javaCompile)" [_thread_blocked, id=12904, stack(0x0000000024730000,0x0000000024830000)]
  0x000000001d04a000 JavaThread "Cache worker for file content cache (C:\Users\garyc\.gradle\caches\5.1.1\fileContent)" [_thread_blocked, id=9048, stack(0x0000000023490000,0x0000000023590000)]
  0x000000001d042000 JavaThread "Memory manager" [_thread_blocked, id=14936, stack(0x0000000022570000,0x0000000022670000)]
  0x00000000194bb000 JavaThread "Cache worker for execution history cache (C:\Users\garyc\.gradle\caches\5.1.1\executionHistory)" [_thread_blocked, id=8088, stack(0x000000001f400000,0x000000001f500000)]
  0x00000000194b6000 JavaThread "Cache worker for journal cache (C:\Users\garyc\.gradle\caches\journal-1)" [_thread_blocked, id=12396, stack(0x000000001b100000,0x000000001b200000)]
  0x00000000194b5000 JavaThread "File lock request listener" [_thread_in_native, id=8904, stack(0x000000001b000000,0x000000001b100000)]
  0x00000000194b9800 JavaThread "Cache worker for file hash cache (C:\Users\garyc\.gradle\caches\5.1.1\fileHashes)" [_thread_blocked, id=1280, stack(0x000000001af00000,0x000000001b000000)]
  0x00000000192df000 JavaThread "Daemon periodic checks" [_thread_blocked, id=12504, stack(0x000000001a500000,0x000000001a600000)]
  0x0000000019214000 JavaThread "Incoming local TCP Connector on port 50380" [_thread_in_native, id=13144, stack(0x000000001a2c0000,0x000000001a3c0000)]
  0x0000000017ecf000 JavaThread "Daemon health stats" [_thread_blocked, id=7504, stack(0x0000000019c80000,0x0000000019d80000)]
  0x0000000017ee8800 JavaThread "Service Thread" daemon [_thread_blocked, id=10060, stack(0x00000000182b0000,0x00000000183b0000)]
  0x0000000016569800 JavaThread "C1 CompilerThread2" daemon [_thread_blocked, id=12036, stack(0x0000000017db0000,0x0000000017eb0000)]
  0x0000000016561800 JavaThread "C2 CompilerThread1" daemon [_thread_blocked, id=9288, stack(0x0000000017cb0000,0x0000000017db0000)]
  0x000000001655e000 JavaThread "C2 CompilerThread0" daemon [_thread_blocked, id=10440, stack(0x0000000017bb0000,0x0000000017cb0000)]
  0x000000001655c800 JavaThread "Attach Listener" daemon [_thread_blocked, id=15224, stack(0x0000000017ab0000,0x0000000017bb0000)]
  0x000000001655b000 JavaThread "Signal Dispatcher" daemon [_thread_blocked, id=9540, stack(0x00000000179b0000,0x0000000017ab0000)]
  0x0000000002be6800 JavaThread "Finalizer" daemon [_thread_blocked, id=13392, stack(0x00000000177b0000,0x00000000178b0000)]
  0x0000000002bde000 JavaThread "Reference Handler" daemon [_thread_blocked, id=9488, stack(0x00000000176b0000,0x00000000177b0000)]
  0x00000000029ee800 JavaThread "main" [_thread_blocked, id=15228, stack(0x00000000029f0000,0x0000000002af0000)]

Other Threads:
=>0x0000000016527800 VMThread [stack: 0x00000000175b0000,0x00000000176b0000] [id=9340]
  0x0000000017ef7000 WatcherThread [stack: 0x00000000183b0000,0x00000000184b0000] [id=15400]

VM state:at safepoint (normal execution)

VM Mutex/Monitor currently owned by a thread:  ([mutex/lock_event])
[0x00000000029ed2c0] Threads_lock - owner thread: 0x0000000016527800
[0x00000000029ed840] Heap_lock - owner thread: 0x0000000020f0e000

Heap:
 PSYoungGen      total 486400K, used 478180K [0x00000000e0000000, 0x0000000100000000, 0x0000000100000000)
  eden space 451584K, 100% used [0x00000000e0000000,0x00000000fb900000,0x00000000fb900000)
  from space 34816K, 76% used [0x00000000fb900000,0x00000000fd2f9280,0x00000000fdb00000)
  to   space 36864K, 61% used [0x00000000fdc00000,0x00000000ff224d20,0x0000000100000000)
 ParOldGen       total 158720K, used 118563K [0x00000000a0000000, 0x00000000a9b00000, 0x00000000e0000000)
  object space 158720K, 74% used [0x00000000a0000000,0x00000000a73c8cd8,0x00000000a9b00000)
 Metaspace       used 105383K, capacity 112796K, committed 113024K, reserved 1146880K
  class space    used 13361K, capacity 14669K, committed 14720K, reserved 1048576K

Card table byte_map: [0x0000000011fb0000,0x00000000122c0000] byte_map_base: 0x0000000011ab0000

Marking Bits: (ParMarkBitMap*) 0x000000005de9a5b0
 Begin Bits: [0x00000000128c0000, 0x00000000140c0000)
 End Bits:   [0x00000000140c0000, 0x00000000158c0000)

Polling page: 0x0000000002760000

CodeCache: size=245760Kb used=87080Kb max_used=87093Kb free=158679Kb
 bounds [0x0000000002bf0000, 0x0000000008190000, 0x0000000011bf0000]
 total_blobs=24726 nmethods=23829 adapters=805
 compilation: enabled

Compilation events (10 events):
Event: 27074.663 Thread 0x000000001655e000 nmethod 31993 0x000000000816e950 code [0x000000000816eaa0, 0x000000000816ee38]
Event: 27074.665 Thread 0x000000001655e000 31994       4       com.android.tools.r8.utils.FieldSignatureEquivalence::doHash (9 bytes)
Event: 27074.670 Thread 0x000000001655e000 nmethod 31994 0x00000000048ba650 code [0x00000000048ba7a0, 0x00000000048babb8]
Event: 27074.672 Thread 0x0000000016561800 nmethod 31995 0x000000000544f810 code [0x000000000544f9a0, 0x0000000005450198]
Event: 27074.704 Thread 0x0000000016569800 31996       3       com.android.ide.common.util.ReferenceHolder::empty (9 bytes)
Event: 27074.705 Thread 0x0000000016569800 nmethod 31996 0x0000000003a17990 code [0x0000000003a17b00, 0x0000000003a17d30]
Event: 27074.706 Thread 0x0000000016569800 31997       3       com.android.ide.common.util.ReferenceHolder::<init> (10 bytes)
Event: 27074.707 Thread 0x0000000016569800 nmethod 31997 0x000000000810ba50 code [0x000000000810bba0, 0x000000000810bd70]
Event: 27074.708 Thread 0x0000000016569800 31998       3       com.android.build.gradle.internal.pipeline.SubStream$SubStreamAdapter::read (336 bytes)
Event: 27074.710 Thread 0x0000000016569800 nmethod 31998 0x0000000008163d50 code [0x0000000008164120, 0x0000000008166138]

GC Heap History (10 events):
Event: 25298.654 GC heap after
Heap after GC invocations=67 (full 4):
 PSYoungGen      total 481792K, used 17329K [0x00000000e0000000, 0x00000000ffd80000, 0x0000000100000000)
  eden space 444416K, 0% used [0x00000000e0000000,0x00000000e0000000,0x00000000fb200000)
  from space 37376K, 46% used [0x00000000fb200000,0x00000000fc2ec618,0x00000000fd680000)
  to   space 36352K, 0% used [0x00000000fda00000,0x00000000fda00000,0x00000000ffd80000)
 ParOldGen       total 158720K, used 118531K [0x00000000a0000000, 0x00000000a9b00000, 0x00000000e0000000)
  object space 158720K, 74% used [0x00000000a0000000,0x00000000a73c0cd8,0x00000000a9b00000)
 Metaspace       used 104353K, capacity 111694K, committed 112000K, reserved 1146880K
  class space    used 13321K, capacity 14612K, committed 14720K, reserved 1048576K
}
Event: 25435.899 GC heap before
{Heap before GC invocations=68 (full 4):
 PSYoungGen      total 481792K, used 461745K [0x00000000e0000000, 0x00000000ffd80000, 0x0000000100000000)
  eden space 444416K, 100% used [0x00000000e0000000,0x00000000fb200000,0x00000000fb200000)
  from space 37376K, 46% used [0x00000000fb200000,0x00000000fc2ec618,0x00000000fd680000)
  to   space 36352K, 0% used [0x00000000fda00000,0x00000000fda00000,0x00000000ffd80000)
 ParOldGen       total 158720K, used 118531K [0x00000000a0000000, 0x00000000a9b00000, 0x00000000e0000000)
  object space 158720K, 74% used [0x00000000a0000000,0x00000000a73c0cd8,0x00000000a9b00000)
 Metaspace       used 104621K, capacity 111956K, committed 112256K, reserved 1146880K
  class space    used 13335K, capacity 14633K, committed 14720K, reserved 1048576K
Event: 25435.945 GC heap after
Heap after GC invocations=68 (full 4):
 PSYoungGen      total 485376K, used 20283K [0x00000000e0000000, 0x00000000fff00000, 0x0000000100000000)
  eden space 449024K, 0% used [0x00000000e0000000,0x00000000e0000000,0x00000000fb680000)
  from space 36352K, 55% used [0x00000000fda00000,0x00000000fedcecc0,0x00000000ffd80000)
  to   space 36352K, 0% used [0x00000000fb680000,0x00000000fb680000,0x00000000fda00000)
 ParOldGen       total 158720K, used 118539K [0x00000000a0000000, 0x00000000a9b00000, 0x00000000e0000000)
  object space 158720K, 74% used [0x00000000a0000000,0x00000000a73c2cd8,0x00000000a9b00000)
 Metaspace       used 104621K, capacity 111956K, committed 112256K, reserved 1146880K
  class space    used 13335K, capacity 14633K, committed 14720K, reserved 1048576K
}
Event: 26172.566 GC heap before
{Heap before GC invocations=69 (full 4):
 PSYoungGen      total 485376K, used 469307K [0x00000000e0000000, 0x00000000fff00000, 0x0000000100000000)
  eden space 449024K, 100% used [0x00000000e0000000,0x00000000fb680000,0x00000000fb680000)
  from space 36352K, 55% used [0x00000000fda00000,0x00000000fedcecc0,0x00000000ffd80000)
  to   space 36352K, 0% used [0x00000000fb680000,0x00000000fb680000,0x00000000fda00000)
 ParOldGen       total 158720K, used 118539K [0x00000000a0000000, 0x00000000a9b00000, 0x00000000e0000000)
  object space 158720K, 74% used [0x00000000a0000000,0x00000000a73c2cd8,0x00000000a9b00000)
 Metaspace       used 104856K, capacity 112248K, committed 112512K, reserved 1146880K
  class space    used 13338K, capacity 14635K, committed 14720K, reserved 1048576K
Event: 26172.599 GC heap after
Heap after GC invocations=69 (full 4):
 PSYoungGen      total 485376K, used 16655K [0x00000000e0000000, 0x00000000ffd00000, 0x0000000100000000)
  eden space 449024K, 0% used [0x00000000e0000000,0x00000000e0000000,0x00000000fb680000)
  from space 36352K, 45% used [0x00000000fb680000,0x00000000fc6c3d10,0x00000000fda00000)
  to   space 34816K, 0% used [0x00000000fdb00000,0x00000000fdb00000,0x00000000ffd00000)
 ParOldGen       total 158720K, used 118547K [0x00000000a0000000, 0x00000000a9b00000, 0x00000000e0000000)
  object space 158720K, 74% used [0x00000000a0000000,0x00000000a73c4cd8,0x00000000a9b00000)
 Metaspace       used 104856K, capacity 112248K, committed 112512K, reserved 1146880K
  class space    used 13338K, capacity 14635K, committed 14720K, reserved 1048576K
}
Event: 26434.036 GC heap before
{Heap before GC invocations=70 (full 4):
 PSYoungGen      total 485376K, used 465679K [0x00000000e0000000, 0x00000000ffd00000, 0x0000000100000000)
  eden space 449024K, 100% used [0x00000000e0000000,0x00000000fb680000,0x00000000fb680000)
  from space 36352K, 45% used [0x00000000fb680000,0x00000000fc6c3d10,0x00000000fda00000)
  to   space 34816K, 0% used [0x00000000fdb00000,0x00000000fdb00000,0x00000000ffd00000)
 ParOldGen       total 158720K, used 118547K [0x00000000a0000000, 0x00000000a9b00000, 0x00000000e0000000)
  object space 158720K, 74% used [0x00000000a0000000,0x00000000a73c4cd8,0x00000000a9b00000)
 Metaspace       used 105098K, capacity 112504K, committed 112768K, reserved 1146880K
  class space    used 13344K, capacity 14645K, committed 14720K, reserved 1048576K
Event: 26434.069 GC heap after
Heap after GC invocations=70 (full 4):
 PSYoungGen      total 486400K, used 21603K [0x00000000e0000000, 0x00000000ffe80000, 0x0000000100000000)
  eden space 451584K, 0% used [0x00000000e0000000,0x00000000e0000000,0x00000000fb900000)
  from space 34816K, 62% used [0x00000000fdb00000,0x00000000ff018c60,0x00000000ffd00000)
  to   space 34816K, 0% used [0x00000000fb900000,0x00000000fb900000,0x00000000fdb00000)
 ParOldGen       total 158720K, used 118547K [0x00000000a0000000, 0x00000000a9b00000, 0x00000000e0000000)
  object space 158720K, 74% used [0x00000000a0000000,0x00000000a73c4cd8,0x00000000a9b00000)
 Metaspace       used 105098K, capacity 112504K, committed 112768K, reserved 1146880K
  class space    used 13344K, capacity 14645K, committed 14720K, reserved 1048576K
}
Event: 26676.518 GC heap before
{Heap before GC invocations=71 (full 4):
 PSYoungGen      total 486400K, used 473187K [0x00000000e0000000, 0x00000000ffe80000, 0x0000000100000000)
  eden space 451584K, 100% used [0x00000000e0000000,0x00000000fb900000,0x00000000fb900000)
  from space 34816K, 62% used [0x00000000fdb00000,0x00000000ff018c60,0x00000000ffd00000)
  to   space 34816K, 0% used [0x00000000fb900000,0x00000000fb900000,0x00000000fdb00000)
 ParOldGen       total 158720K, used 118547K [0x00000000a0000000, 0x00000000a9b00000, 0x00000000e0000000)
  object space 158720K, 74% used [0x00000000a0000000,0x00000000a73c4cd8,0x00000000a9b00000)
 Metaspace       used 105210K, capacity 112594K, committed 112768K, reserved 1146880K
  class space    used 13346K, capacity 14646K, committed 14720K, reserved 1048576K
Event: 26676.568 GC heap after
Heap after GC invocations=71 (full 4):
 PSYoungGen      total 486400K, used 26596K [0x00000000e0000000, 0x0000000100000000, 0x0000000100000000)
  eden space 451584K, 0% used [0x00000000e0000000,0x00000000e0000000,0x00000000fb900000)
  from space 34816K, 76% used [0x00000000fb900000,0x00000000fd2f9280,0x00000000fdb00000)
  to   space 36864K, 0% used [0x00000000fdc00000,0x00000000fdc00000,0x0000000100000000)
 ParOldGen       total 158720K, used 118555K [0x00000000a0000000, 0x00000000a9b00000, 0x00000000e0000000)
  object space 158720K, 74% used [0x00000000a0000000,0x00000000a73c6cd8,0x00000000a9b00000)
 Metaspace       used 105210K, capacity 112594K, committed 112768K, reserved 1146880K
  class space    used 13346K, capacity 14646K, committed 14720K, reserved 1048576K
}
Event: 27074.721 GC heap before
{Heap before GC invocations=72 (full 4):
 PSYoungGen      total 486400K, used 478180K [0x00000000e0000000, 0x0000000100000000, 0x0000000100000000)
  eden space 451584K, 100% used [0x00000000e0000000,0x00000000fb900000,0x00000000fb900000)
  from space 34816K, 76% used [0x00000000fb900000,0x00000000fd2f9280,0x00000000fdb00000)
  to   space 36864K, 0% used [0x00000000fdc00000,0x00000000fdc00000,0x0000000100000000)
 ParOldGen       total 158720K, used 118555K [0x00000000a0000000, 0x00000000a9b00000, 0x00000000e0000000)
  object space 158720K, 74% used [0x00000000a0000000,0x00000000a73c6cd8,0x00000000a9b00000)
 Metaspace       used 105383K, capacity 112796K, committed 113024K, reserved 1146880K
  class space    used 13361K, capacity 14669K, committed 14720K, reserved 1048576K

Deoptimization events (10 events):
Event: 26434.034 Thread 0x00000000194b6000 Uncommon trap: reason=unstable_if action=reinterpret pc=0x00000000064c25c4 method=java.util.concurrent.locks.AbstractQueuedSynchronizer.hasQueuedPredecessors()Z @ 21
Event: 26435.572 Thread 0x000000001d048000 Uncommon trap: reason=class_check action=maybe_recompile pc=0x0000000004345518 method=org.gradle.api.internal.tasks.PublicTaskSpecification.isSatisfiedBy(Ljava/lang/Object;)Z @ 2
Event: 26435.572 Thread 0x000000001d048000 Uncommon trap: reason=class_check action=maybe_recompile pc=0x0000000004345518 method=org.gradle.api.internal.tasks.PublicTaskSpecification.isSatisfiedBy(Ljava/lang/Object;)Z @ 2
Event: 26435.572 Thread 0x000000001d048000 Uncommon trap: reason=class_check action=maybe_recompile pc=0x0000000004345518 method=org.gradle.api.internal.tasks.PublicTaskSpecification.isSatisfiedBy(Ljava/lang/Object;)Z @ 2
Event: 26435.572 Thread 0x000000001d048000 Uncommon trap: reason=class_check action=maybe_recompile pc=0x0000000004345518 method=org.gradle.api.internal.tasks.PublicTaskSpecification.isSatisfiedBy(Ljava/lang/Object;)Z @ 2
Event: 26493.957 Thread 0x000000001d048000 Uncommon trap: reason=class_check action=maybe_recompile pc=0x0000000006fc8138 method=com.sun.tools.javac.code.Types$14.visitClassType(Lcom/sun/tools/javac/code/Type$ClassType;Lcom/sun/tools/javac/code/Symbol;)Lcom/sun/tools/javac/code/Type; @ 44
Event: 26493.957 Thread 0x000000001d048000 Uncommon trap: reason=class_check action=maybe_recompile pc=0x0000000006fc8138 method=com.sun.tools.javac.code.Types$14.visitClassType(Lcom/sun/tools/javac/code/Type$ClassType;Lcom/sun/tools/javac/code/Symbol;)Lcom/sun/tools/javac/code/Type; @ 44
Event: 26493.957 Thread 0x000000001d048000 Uncommon trap: reason=class_check action=maybe_recompile pc=0x0000000006fe8794 method=com.sun.tools.javac.code.Types$14.visitClassType(Lcom/sun/tools/javac/code/Type$ClassType;Lcom/sun/tools/javac/code/Symbol;)Lcom/sun/tools/javac/code/Type; @ 44
Event: 26979.836 Thread 0x0000000020f14000 Uncommon trap: reason=class_check action=maybe_recompile pc=0x00000000070be07c method=com.sun.tools.javac.code.Types.isSubtypeUncheckedInternal(Lcom/sun/tools/javac/code/Type;Lcom/sun/tools/javac/code/Type;Lcom/sun/tools/javac/util/Warner;)Z @ 26
Event: 27074.614 Thread 0x0000000020f18000 Uncommon trap: reason=predicate action=maybe_recompile pc=0x00000000080d4854 method=com.android.tools.r8.com.google.common.collect.ImmutableList.copyIntoArray([Ljava/lang/Object;I)I @ 14

Internal exceptions (10 events):
Event: 27073.592 Thread 0x000000001ea5c000 Exception <a 'sun/nio/fs/WindowsException'> (0x00000000f47874a0) thrown at [C:\re\workspace\8-2-build-windows-amd64-cygwin\jdk8u66\4988\hotspot\src\share\vm\prims\jni.cpp, line 709]
Event: 27073.592 Thread 0x000000001ea5c000 Exception <a 'sun/nio/fs/WindowsException'> (0x00000000f4789750) thrown at [C:\re\workspace\8-2-build-windows-amd64-cygwin\jdk8u66\4988\hotspot\src\share\vm\prims\jni.cpp, line 709]
Event: 27073.592 Thread 0x000000001ea5c000 Exception <a 'sun/nio/fs/WindowsException'> (0x00000000f478a348) thrown at [C:\re\workspace\8-2-build-windows-amd64-cygwin\jdk8u66\4988\hotspot\src\share\vm\prims\jni.cpp, line 709]
Event: 27073.614 Thread 0x000000001ea5c000 Exception <a 'sun/nio/fs/WindowsException'> (0x00000000f4a5f3d8) thrown at [C:\re\workspace\8-2-build-windows-amd64-cygwin\jdk8u66\4988\hotspot\src\share\vm\prims\jni.cpp, line 709]
Event: 27074.612 Thread 0x0000000020f18000 Exception <a 'sun/nio/fs/WindowsException'> (0x00000000fae355d0) thrown at [C:\re\workspace\8-2-build-windows-amd64-cygwin\jdk8u66\4988\hotspot\src\share\vm\prims\jni.cpp, line 709]
Event: 27074.617 Thread 0x0000000020f17000 Exception <a 'sun/nio/fs/WindowsException'> (0x00000000faf2f630) thrown at [C:\re\workspace\8-2-build-windows-amd64-cygwin\jdk8u66\4988\hotspot\src\share\vm\prims\jni.cpp, line 709]
Event: 27074.620 Thread 0x0000000020f17000 Exception <a 'sun/nio/fs/WindowsException'> (0x00000000fb0b66f0) thrown at [C:\re\workspace\8-2-build-windows-amd64-cygwin\jdk8u66\4988\hotspot\src\share\vm\prims\jni.cpp, line 709]
Event: 27074.627 Thread 0x0000000020f17000 Exception <a 'sun/nio/fs/WindowsException'> (0x00000000fb0bd1b0) thrown at [C:\re\workspace\8-2-build-windows-amd64-cygwin\jdk8u66\4988\hotspot\src\share\vm\prims\jni.cpp, line 709]
Event: 27074.653 Thread 0x0000000020f18000 Exception <a 'sun/nio/fs/WindowsException'> (0x00000000fb515d10) thrown at [C:\re\workspace\8-2-build-windows-amd64-cygwin\jdk8u66\4988\hotspot\src\share\vm\prims\jni.cpp, line 709]
Event: 27074.662 Thread 0x0000000020f18000 Exception <a 'sun/nio/fs/WindowsException'> (0x00000000fb55c838) thrown at [C:\re\workspace\8-2-build-windows-amd64-cygwin\jdk8u66\4988\hotspot\src\share\vm\prims\jni.cpp, line 709]

Events (10 events):
Event: 27074.658 Thread 0x0000000016561800 flushing nmethod 0x000000000483ad90
Event: 27074.658 Thread 0x0000000016561800 flushing nmethod 0x0000000004857250
Event: 27074.658 Thread 0x0000000016561800 flushing nmethod 0x000000000486aa10
Event: 27074.658 Thread 0x0000000016561800 flushing nmethod 0x00000000048ba650
Event: 27074.670 Executing VM operation: RevokeBias
Event: 27074.670 Executing VM operation: RevokeBias done
Event: 27074.670 Executing VM operation: RevokeBias
Event: 27074.670 Executing VM operation: RevokeBias done
Event: 27074.706 Thread 0x0000000016569800 flushing nmethod 0x00000000055ba790
Event: 27074.721 Executing VM operation: ParallelGCFailedAllocation


Dynamic libraries:
0x00007ff7a54e0000 - 0x00007ff7a5517000 	C:\Program Files\Java\jdk1.8.0_66\bin\java.exe
0x00007ffa64060000 - 0x00007ffa6424d000 	C:\WINDOWS\SYSTEM32\ntdll.dll
0x00007ffa616a0000 - 0x00007ffa61753000 	C:\WINDOWS\System32\KERNEL32.DLL
0x00007ffa60820000 - 0x00007ffa60ab3000 	C:\WINDOWS\System32\KERNELBASE.dll
0x00007ffa63310000 - 0x00007ffa633b3000 	C:\WINDOWS\System32\ADVAPI32.dll
0x00007ffa63670000 - 0x00007ffa6370e000 	C:\WINDOWS\System32\msvcrt.dll
0x00007ffa61af0000 - 0x00007ffa61b8e000 	C:\WINDOWS\System32\sechost.dll
0x00007ffa633e0000 - 0x00007ffa63502000 	C:\WINDOWS\System32\RPCRT4.dll
0x00007ffa63820000 - 0x00007ffa639b7000 	C:\WINDOWS\System32\USER32.dll
0x00007ffa60380000 - 0x00007ffa603a0000 	C:\WINDOWS\System32\win32u.dll
0x00007ffa63790000 - 0x00007ffa637b9000 	C:\WINDOWS\System32\GDI32.dll
0x00007ffa60580000 - 0x00007ffa6071a000 	C:\WINDOWS\System32\gdi32full.dll
0x00007ffa60280000 - 0x00007ffa60320000 	C:\WINDOWS\System32\msvcp_win.dll
0x00007ffa60720000 - 0x00007ffa6081a000 	C:\WINDOWS\System32\ucrtbase.dll
0x00007ffa535c0000 - 0x00007ffa53839000 	C:\WINDOWS\WinSxS\amd64_microsoft.windows.common-controls_6595b64144ccf1df_6.0.17763.557_none_05b63f68071e5b9f\COMCTL32.dll
0x00007ffa61760000 - 0x00007ffa61a8c000 	C:\WINDOWS\System32\combase.dll
0x00007ffa61210000 - 0x00007ffa6128e000 	C:\WINDOWS\System32\bcryptPrimitives.dll
0x00007ffa63080000 - 0x00007ffa630ae000 	C:\WINDOWS\System32\IMM32.DLL
0x000000005f550000 - 0x000000005f622000 	C:\Program Files\Java\jdk1.8.0_66\jre\bin\msvcr100.dll
0x000000005d690000 - 0x000000005df19000 	C:\Program Files\Java\jdk1.8.0_66\jre\bin\server\jvm.dll
0x00007ffa63300000 - 0x00007ffa63308000 	C:\WINDOWS\System32\PSAPI.DLL
0x00007ffa4e900000 - 0x00007ffa4e909000 	C:\WINDOWS\SYSTEM32\WSOCK32.dll
0x00007ffa5ce50000 - 0x00007ffa5ce74000 	C:\WINDOWS\SYSTEM32\WINMM.dll
0x00007ffa61570000 - 0x00007ffa615dd000 	C:\WINDOWS\System32\WS2_32.dll
0x00007ffa58c40000 - 0x00007ffa58c4a000 	C:\WINDOWS\SYSTEM32\VERSION.dll
0x00007ffa5ce20000 - 0x00007ffa5ce4d000 	C:\WINDOWS\SYSTEM32\winmmbase.dll
0x00007ffa60210000 - 0x00007ffa6025a000 	C:\WINDOWS\System32\cfgmgr32.dll
0x000000005f540000 - 0x000000005f54f000 	C:\Program Files\Java\jdk1.8.0_66\jre\bin\verify.dll
0x000000005f510000 - 0x000000005f539000 	C:\Program Files\Java\jdk1.8.0_66\jre\bin\java.dll
0x000000005f4f0000 - 0x000000005f506000 	C:\Program Files\Java\jdk1.8.0_66\jre\bin\zip.dll
0x00007ffa61b90000 - 0x00007ffa63080000 	C:\WINDOWS\System32\SHELL32.dll
0x00007ffa639c0000 - 0x00007ffa63a68000 	C:\WINDOWS\System32\shcore.dll
0x00007ffa60ac0000 - 0x00007ffa6120a000 	C:\WINDOWS\System32\windows.storage.dll
0x00007ffa600c0000 - 0x00007ffa600e4000 	C:\WINDOWS\System32\profapi.dll
0x00007ffa60060000 - 0x00007ffa600bd000 	C:\WINDOWS\System32\powrprof.dll
0x00007ffa637c0000 - 0x00007ffa63812000 	C:\WINDOWS\System32\shlwapi.dll
0x00007ffa600f0000 - 0x00007ffa60101000 	C:\WINDOWS\System32\kernel.appcore.dll
0x00007ffa60260000 - 0x00007ffa60277000 	C:\WINDOWS\System32\cryptsp.dll
0x000000005f4d0000 - 0x000000005f4ea000 	C:\Program Files\Java\jdk1.8.0_66\jre\bin\net.dll
0x00007ffa5f880000 - 0x00007ffa5f8e7000 	C:\WINDOWS\system32\mswsock.dll
0x000000005f4b0000 - 0x000000005f4c1000 	C:\Program Files\Java\jdk1.8.0_66\jre\bin\nio.dll
0x00007ffa56100000 - 0x00007ffa5611e000 	C:\Users\garyc\.gradle\native\25\windows-amd64\native-platform.dll
0x000000005f4a0000 - 0x000000005f4ad000 	C:\Program Files\Java\jdk1.8.0_66\jre\bin\management.dll
0x00007ffa5f440000 - 0x00007ffa5f473000 	C:\WINDOWS\system32\rsaenh.dll
0x00007ffa60130000 - 0x00007ffa60156000 	C:\WINDOWS\System32\bcrypt.dll
0x00007ffa5ff60000 - 0x00007ffa5ff88000 	C:\WINDOWS\SYSTEM32\USERENV.dll
0x00007ffa5fa50000 - 0x00007ffa5fa5c000 	C:\WINDOWS\SYSTEM32\CRYPTBASE.dll
0x00007ffa5f5e0000 - 0x00007ffa5f61d000 	C:\WINDOWS\SYSTEM32\IPHLPAPI.DLL
0x00007ffa632f0000 - 0x00007ffa632f8000 	C:\WINDOWS\System32\NSI.dll
0x00007ffa59a00000 - 0x00007ffa59a16000 	C:\WINDOWS\SYSTEM32\dhcpcsvc6.DLL
0x00007ffa599e0000 - 0x00007ffa599fc000 	C:\WINDOWS\SYSTEM32\dhcpcsvc.DLL
0x00007ffa5f620000 - 0x00007ffa5f6e6000 	C:\WINDOWS\SYSTEM32\DNSAPI.dll
0x00007ffa57100000 - 0x00007ffa572ed000 	C:\WINDOWS\SYSTEM32\dbghelp.dll

VM Arguments:
jvm_args: -Xmx1536m -Dfile.encoding=windows-1252 -Duser.country=US -Duser.language=en -Duser.variant 
java_command: org.gradle.launcher.daemon.bootstrap.GradleDaemon 5.1.1
java_class_path (initial): C:\Users\garyc\.gradle\wrapper\dists\gradle-5.1.1-all\97z1ksx6lirer3kbvdnh7jtjg\gradle-5.1.1\lib\gradle-launcher-5.1.1.jar
Launcher Type: SUN_STANDARD

Environment Variables:
JAVA_HOME=C:\Program Files\Java\jdk1.8.0_201
CLASSPATH=.;
PATH=C:\Program Files (x86)\Intel\iCLS Client\;C:\Program Files\Intel\iCLS Client\;C:\ProgramData\Oracle\Java\javapath;C:\WINDOWS\system32;C:\WINDOWS;C:\WINDOWS\System32\Wbem;C:\WINDOWS\System32\WindowsPowerShell\v1.0\;C:\Program Files (x86)\Intel\Intel(R) Management Engine Components\DAL;C:\Program Files\Intel\Intel(R) Management Engine Components\DAL;C:\Program Files (x86)\Intel\Intel(R) Management Engine Components\IPT;C:\Program Files\Intel\Intel(R) Management Engine Components\IPT;C:\Program Files\Common Files\Autodesk Shared\;C:\Program Files\Java\jdk1.8.0_66\bin;C:\Users\garyc\.dnx\bin;C:\Program Files\Microsoft DNX\Dnvm\;C:\Program Files (x86)\Windows Kits\8.1\Windows Performance Toolkit\;C:\opencv\build\x86\vc12\bin;C:\Program Files (x86)\Skype\Phone\;C:\WINDOWS\System32\OpenSSH\;C:\Users\garyc\Documents\Visual Studio 2015\opencv\opencv\build\x64\vc15\bin;C:\Program Files (x86)\QuickTime\QTSystem\;C:\WINDOWS\system32;C:\WINDOWS;C:\WINDOWS\System32\Wbem;C:\WINDOWS\System32\WindowsPowerShell\v1.0\;C:\WINDOWS\System32\OpenSSH\;C:\ProgramData\chocolatey\bin;C:\Program Files\nodejs\;C:\Program Files\Java\jdk1.8.0_201\bin;C:\Users\garyc\AppData\Local\Android\sdk\platform-tools;C:\Users\garyc\AppData\Local\Programs\Python\Python36;C:\Program Files (x86)\Autodesk\Backburner\;C:\Program Files\Git\cmd;C:\strawberry\c\bin;C:\strawberry\perl\site\bin;C:\strawberry\perl\bin;C:\Program Files (x86)\SMLNJ\bin\;C:\Program Files\PuTTY\;C:\Users\garyc\AppData\Local\Microsoft\WindowsApps;C:\Program Files (x86)\gfortran\libexec\gcc\i586-pc-mingw32\4.5.0;C:\Program Files (x86)\gfortran\bin;C:\cygwin64\bin;C:\Users\garyc\AppData\Roaming\npm;C:\Users\garyc\AppData\Local\atom\bin
USERNAME=Gary Chun
OS=Windows_NT
PROCESSOR_IDENTIFIER=Intel64 Family 6 Model 42 Stepping 7, GenuineIntel



---------------  S Y S T E M  ---------------

OS: Windows 10.0 , 64 bit Build 17763 (10.0.17763.475)

CPU:total 4 (4 cores per cpu, 2 threads per core) family 6 model 42 stepping 7, cmov, cx8, fxsr, mmx, sse, sse2, sse3, ssse3, sse4.1, sse4.2, popcnt, avx, aes, clmul, ht, tsc, tscinvbit

Memory: 4k page, physical 8266680k(1460100k free), swap 11778952k(2323980k free)

vm_info: Java HotSpot(TM) 64-Bit Server VM (25.66-b17) for windows-amd64 JRE (1.8.0_66-b17), built on Oct  6 2015 18:55:33 by "java_re" with MS VC++ 10.0 (VS2010)

time: Tue Jun 18 18:12:12 2019
elapsed time: 27074 seconds (0d 7h 31m 14s)

